SF:lib/core/domain/failure.dart
DA:13,0
LF:1
LH:0
end_of_record
SF:lib/core/utils/either/either.dart
DA:4,1
DA:9,1
DA:10,3
DA:11,0
DA:15,0
DA:16,0
DA:17,0
DA:18,0
DA:22,0
DA:23,0
DA:24,0
DA:25,0
DA:29,2
DA:30,0
DA:31,1
DA:34,2
DA:35,0
DA:36,1
DA:39,0
DA:41,0
DA:49,0
DA:55,2
LF:22
LH:8
end_of_record
SF:lib/core/utils/theme/app_theme.dart
DA:6,0
DA:11,0
DA:12,0
DA:26,1
DA:28,1
DA:29,1
DA:38,0
DA:39,0
DA:41,0
DA:42,0
DA:44,0
DA:45,0
DA:46,0
DA:47,0
DA:48,0
DA:49,0
DA:50,0
DA:56,0
DA:57,0
DA:60,0
DA:61,0
DA:62,0
DA:63,0
DA:72,1
DA:74,0
DA:76,0
DA:78,0
DA:80,0
DA:81,0
DA:92,2
DA:94,0
DA:96,0
DA:98,0
DA:100,0
DA:101,0
DA:103,0
DA:104,0
LF:37
LH:5
end_of_record
SF:lib/features/settings/domain/usecases/get_settings_records.dart
DA:17,1
DA:19,1
DA:20,2
DA:21,2
DA:23,1
DA:24,1
DA:27,0
DA:30,0
DA:33,1
DA:34,1
DA:37,3
DA:38,1
DA:42,1
DA:44,1
DA:45,1
LF:15
LH:13
end_of_record
SF:lib/localization/localization_service.dart
DA:38,0
DA:40,0
DA:44,0
DA:45,0
LF:4
LH:0
end_of_record
SF:lib/core/utils/theme/app_typography.dart
DA:11,1
DA:16,0
DA:17,0
DA:18,0
DA:22,0
DA:26,0
DA:27,0
DA:28,0
DA:32,0
DA:33,0
DA:37,0
DA:38,0
DA:40,0
DA:113,0
DA:114,0
DA:116,0
DA:117,0
DA:119,0
DA:120,0
DA:122,0
DA:128,0
LF:21
LH:1
end_of_record
SF:lib/features/pusher_channels_connection/domain/entities/message_not_triggered_failure.dart
DA:10,0
LF:1
LH:0
end_of_record
SF:lib/features/pusher_channels_connection/domain/entities/pusher_channels_connection_result.dart
DA:5,0
DA:13,0
DA:21,0
LF:3
LH:0
end_of_record
SF:lib/features/pusher_channels_connection/domain/entities/pusher_channels_event_entity.dart
DA:9,0
DA:21,0
DA:34,0
DA:47,0
DA:62,0
LF:5
LH:0
end_of_record
SF:lib/localization/tk_intl.dart
DA:176,1
DA:178,0
DA:179,0
DA:181,0
DA:183,0
DA:187,0
DA:190,0
DA:193,0
DA:194,0
DA:202,0
DA:203,0
DA:208,0
DA:209,0
DA:210,0
DA:211,0
DA:212,0
DA:213,0
DA:214,0
DA:219,0
DA:232,0
DA:243,0
DA:257,0
DA:260,0
DA:263,0
DA:266,0
DA:269,0
DA:273,0
DA:276,0
DA:279,0
DA:282,0
DA:285,0
DA:288,0
DA:291,0
DA:294,0
DA:297,0
DA:300,0
DA:303,0
DA:306,0
DA:309,0
DA:312,0
DA:315,0
DA:318,0
DA:321,0
DA:324,0
DA:327,0
DA:330,0
DA:335,0
DA:338,0
DA:343,0
DA:346,0
DA:349,0
DA:352,0
DA:355,0
DA:358,0
DA:361,0
DA:364,0
DA:367,0
DA:370,0
DA:374,0
DA:377,0
DA:380,0
DA:383,0
DA:386,0
DA:389,0
DA:392,0
DA:395,0
DA:398,0
DA:401,0
DA:404,0
DA:407,0
DA:410,0
DA:413,0
DA:416,0
DA:419,0
DA:423,0
DA:426,0
DA:429,0
DA:432,0
DA:435,0
DA:438,0
DA:441,0
DA:444,0
DA:447,0
DA:450,0
DA:453,0
DA:457,0
DA:460,0
DA:463,0
DA:466,0
DA:469,0
DA:472,0
DA:475,0
DA:478,0
DA:481,0
DA:484,0
DA:487,0
DA:490,0
DA:493,0
DA:496,0
DA:499,0
DA:502,0
DA:505,0
DA:508,0
DA:511,0
DA:514,0
DA:517,0
DA:520,0
DA:523,0
DA:526,0
DA:529,0
DA:532,0
DA:535,0
DA:538,0
DA:541,0
DA:544,0
DA:547,0
DA:550,0
DA:553,0
DA:556,0
DA:559,0
DA:562,0
DA:565,0
DA:568,0
DA:571,0
DA:574,0
DA:577,0
DA:580,0
DA:583,0
DA:586,0
DA:589,0
DA:592,0
DA:595,0
DA:598,0
DA:601,0
DA:604,0
DA:607,0
DA:610,0
DA:613,0
DA:616,0
DA:619,0
DA:622,0
DA:625,0
DA:628,0
DA:631,0
DA:634,0
DA:637,0
DA:640,0
DA:643,0
DA:646,0
DA:649,0
DA:652,0
DA:655,0
DA:658,0
DA:661,0
DA:664,0
DA:667,0
DA:670,0
DA:673,0
DA:676,0
DA:679,0
DA:682,0
DA:685,0
DA:688,0
DA:691,0
DA:697,1
DA:699,0
DA:700,0
DA:702,0
DA:704,0
DA:708,0
DA:711,0
DA:714,0
DA:715,0
DA:716,0
DA:717,0
DA:719,0
DA:720,0
DA:722,0
DA:723,0
DA:724,0
DA:734,0
DA:785,0
DA:795,0
DA:807,0
DA:810,0
DA:813,0
DA:816,0
DA:819,0
DA:822,0
DA:825,0
DA:828,0
DA:831,0
DA:834,0
DA:837,0
DA:840,0
DA:843,0
DA:846,0
DA:849,0
DA:852,0
DA:855,0
DA:858,0
DA:861,0
DA:865,0
DA:868,0
DA:871,0
DA:874,0
DA:877,0
DA:880,0
DA:883,0
DA:886,0
DA:887,0
DA:889,0
DA:890,0
DA:892,0
DA:893,0
DA:895,0
DA:896,0
DA:898,0
DA:899,0
DA:901,0
DA:903,0
DA:906,0
DA:908,0
DA:909,0
DA:910,0
DA:913,0
DA:915,0
DA:916,0
DA:917,0
DA:920,0
DA:921,0
DA:923,0
DA:924,0
DA:926,0
DA:927,0
DA:929,0
DA:932,0
DA:935,0
LF:238
LH:2
end_of_record
